<?xml version="1.0" encoding="UTF-8"?>
<!-- Generated by org.testng.reporters.JUnitReportReporter -->
<testsuite skipped="0" hostname="Ravi" name="com.htc.orange.testcases.LeaveReportTest" tests="3" failures="0" timestamp="17 Apr 2020 04:09:53 GMT" time="30.182" errors="0">
  <testcase name="T003_LeaveReportTest" time="2.248" classname="com.htc.orange.testcases.LeaveReportTest"/>
  <testcase name="T002_DashBoardTest" time="18.071" classname="com.htc.orange.testcases.LeaveReportTest"/>
  <testcase name="T001_loginPageTest" time="9.863" classname="com.htc.orange.testcases.LeaveReportTest"/>
</testsuite> <!-- com.htc.orange.testcases.LeaveReportTest -->
