<?xml version="1.0" encoding="UTF-8"?>
<!-- Generated by org.testng.reporters.JUnitReportReporter -->
<testsuite skipped="0" hostname="Ravi" name="com.htc.orange.testcases.PIMSearchReportTest" tests="3" failures="0" timestamp="17 Apr 2020 04:13:21 GMT" time="28.695" errors="0">
  <testcase name="T003_searchReportTest" time="3.250" classname="com.htc.orange.testcases.PIMSearchReportTest"/>
  <testcase name="T002_DashBoardTest" time="3.517" classname="com.htc.orange.testcases.PIMSearchReportTest"/>
  <testcase name="T001_loginPageTest" time="21.928" classname="com.htc.orange.testcases.PIMSearchReportTest"/>
</testsuite> <!-- com.htc.orange.testcases.PIMSearchReportTest -->
