<?xml version="1.0" encoding="UTF-8"?>
<!-- Generated by org.testng.reporters.JUnitReportReporter -->
<testsuite skipped="0" hostname="Ravi" name="com.htc.orange.testcases.PIMAddReportTest" tests="3" failures="0" timestamp="17 Apr 2020 04:11:46 GMT" time="31.356" errors="0">
  <testcase name="T002_DashBoardTest" time="5.616" classname="com.htc.orange.testcases.PIMAddReportTest"/>
  <testcase name="T003_addReportTest" time="3.182" classname="com.htc.orange.testcases.PIMAddReportTest"/>
  <testcase name="T001_loginPageTest" time="22.558" classname="com.htc.orange.testcases.PIMAddReportTest"/>
</testsuite> <!-- com.htc.orange.testcases.PIMAddReportTest -->
