<?xml version="1.0" encoding="UTF-8"?>
<!-- Generated by org.testng.reporters.JUnitReportReporter -->
<testsuite skipped="0" hostname="Ravi" name="com.htc.orange.testcases.LeaveEntitlementTest" tests="3" failures="0" timestamp="17 Apr 2020 04:08:04 GMT" time="30.951" errors="0">
  <testcase name="T003_addEntitlementTest" time="1.835" classname="com.htc.orange.testcases.LeaveEntitlementTest"/>
  <testcase name="T002_DashBoardTest" time="15.874" classname="com.htc.orange.testcases.LeaveEntitlementTest"/>
  <testcase name="T001_loginPageTest" time="13.242" classname="com.htc.orange.testcases.LeaveEntitlementTest"/>
</testsuite> <!-- com.htc.orange.testcases.LeaveEntitlementTest -->
