<?xml version="1.0" encoding="UTF-8"?>
<!-- Generated by org.testng.reporters.JUnitReportReporter -->
<testsuite skipped="0" hostname="Ravi" name="com.htc.orange.testcases.LeaveListTest" tests="3" failures="0" timestamp="17 Apr 2020 04:08:59 GMT" time="31.316" errors="0">
  <testcase name="T002_DashBoardTest" time="5.125" classname="com.htc.orange.testcases.LeaveListTest"/>
  <testcase name="T001_loginPageTest" time="13.143" classname="com.htc.orange.testcases.LeaveListTest"/>
  <testcase name="T003_addLeavelistTest" time="13.048" classname="com.htc.orange.testcases.LeaveListTest"/>
</testsuite> <!-- com.htc.orange.testcases.LeaveListTest -->
