<?xml version="1.0" encoding="UTF-8"?>
<!-- Generated by org.testng.reporters.JUnitReportReporter -->
<testsuite skipped="0" hostname="Ravi" name="com.htc.orange.testcases.LeaveConfigTest" tests="3" failures="0" timestamp="20 Apr 2020 03:52:12 GMT" time="15.861" errors="0">
  <testcase name="T001_loginPageTest" time="5.605" classname="com.htc.orange.testcases.LeaveConfigTest"/>
  <testcase name="T003_addLeaveTypesTest" time="3.678" classname="com.htc.orange.testcases.LeaveConfigTest"/>
  <testcase name="T002_DashBoardTest" time="6.578" classname="com.htc.orange.testcases.LeaveConfigTest"/>
</testsuite> <!-- com.htc.orange.testcases.LeaveConfigTest -->
