<?xml version="1.0" encoding="UTF-8"?>
<!-- Generated by org.testng.reporters.JUnitReportReporter -->
<testsuite skipped="0" hostname="Ravi" name="com.htc.orange.testcases.AdminTest" tests="4" failures="0" timestamp="17 Apr 2020 03:19:42 GMT" time="52.335" errors="0">
  <testcase name="T001_loginPageTest" time="30.254" classname="com.htc.orange.testcases.AdminTest"/>
  <testcase name="T004_searchUserTest" time="13.908" classname="com.htc.orange.testcases.AdminTest"/>
  <testcase name="T002_DashBoardTest" time="6.597" classname="com.htc.orange.testcases.AdminTest"/>
  <testcase name="T003_addUserTest" time="1.576" classname="com.htc.orange.testcases.AdminTest"/>
</testsuite> <!-- com.htc.orange.testcases.AdminTest -->
