<?xml version="1.0" encoding="UTF-8"?>
<!-- Generated by org.testng.reporters.JUnitReportReporter -->
<testsuite skipped="0" hostname="Ravi" name="com.htc.orange.testcases.PIMSearchEmpTest" tests="3" failures="0" timestamp="20 Apr 2020 03:52:12 GMT" time="38.993" errors="0">
  <testcase name="T001_loginPageTest" time="19.069" classname="com.htc.orange.testcases.PIMSearchEmpTest"/>
  <testcase name="T003_searchEmpTest" time="2.099" classname="com.htc.orange.testcases.PIMSearchEmpTest"/>
  <testcase name="T002_DashBoardTest" time="17.825" classname="com.htc.orange.testcases.PIMSearchEmpTest"/>
</testsuite> <!-- com.htc.orange.testcases.PIMSearchEmpTest -->
